<?xml version="1.0" encoding="UTF-8"?>
<testsuite name="TestJUnit" tests="1" skipped="0" failures="0" errors="0" timestamp="2021-10-07T10:12:48" hostname="DESKTOP-8VD62NE" time="0.026">
  <properties/>
  <testcase name="allElementsinit()" classname="TestJUnit" time="0.026"/>
  <system-out><![CDATA[]]></system-out>
  <system-err><![CDATA[]]></system-err>
</testsuite>
