<?xml version="1.0" encoding="UTF-8"?>
<testsuite name="TestApplication" tests="8" skipped="0" failures="0" errors="0" timestamp="2022-02-25T16:09:36" hostname="DESKTOP-8VD62NE" time="0.07">
  <properties/>
  <testcase name="buildComplete" classname="TestApplication" time="0.04"/>
  <testcase name="usageControlPanel" classname="TestApplication" time="0.004"/>
  <testcase name="handleParking - s01" classname="TestApplication" time="0.001"/>
  <testcase name="handleInspektionDrive - s02" classname="TestApplication" time="0.002"/>
  <testcase name="handleEmergencyService - s03" classname="TestApplication" time="0.001"/>
  <testcase name="handleFuelTruckOnFire - s04" classname="TestApplication" time="0.005"/>
  <testcase name="handlePushbackVehicleOnFire - s05" classname="TestApplication" time="0.002"/>
  <testcase name="handleAirplaneEngineFire - s06" classname="TestApplication" time="0.004"/>
  <system-out><![CDATA[FLF initialisiert.
FLF initialisiert.
FLF initialisiert.
FLF initialisiert.
FLF initialisiert.
FLF initialisiert.
Cannon does not exits!
Cannon does not exits!
Cannon does not exits!
FLF initialisiert.
Cannon does not exits!
Cannon does not exits!
Cannon does not exits!
Cannon does not exits!
Cannon does not exits!
FLF initialisiert.
Cannon does not exits!
Cannon does not exits!
Cannon does not exits!
Cannon does not exits!
Cannon does not exits!
Cannon does not exits!
Cannon does not exits!
Cannon does not exits!
Cannon does not exits!
Cannon does not exits!
Cannon does not exits!
]]></system-out>
  <system-err><![CDATA[]]></system-err>
</testsuite>
